#
# There is insufficient memory for the Java Runtime Environment to continue.
# Native memory allocation (malloc) failed to allocate 931232 bytes for Chunk::new
# Possible reasons:
#   The system is out of physical RAM or swap space
#   The process is running with CompressedOops enabled, and the Java Heap may be blocking the growth of the native heap
# Possible solutions:
#   Reduce memory load on the system
#   Increase physical memory or swap space
#   Check if swap backing store is full
#   Decrease Java heap size (-Xmx/-Xms)
#   Decrease number of Java threads
#   Decrease Java thread stack sizes (-Xss)
#   Set larger code cache with -XX:ReservedCodeCacheSize=
#   JVM is running with Zero Based Compressed Oops mode in which the Java heap is
#     placed in the first 32GB address space. The Java Heap base address is the
#     maximum limit for the native heap growth. Please use -XX:HeapBaseMinAddress
#     to set the Java Heap base and to place the Java Heap above 32GB virtual address.
# This output file may be truncated or incomplete.
#
#  Out of Memory Error (arena.cpp:189), pid=12232, tid=10312
#
# JRE version: OpenJDK Runtime Environment (17.0.7) (build 17.0.7+0-b2043.56-10550314)
# Java VM: OpenJDK 64-Bit Server VM (17.0.7+0-b2043.56-10550314, mixed mode, tiered, compressed oops, compressed class ptrs, g1 gc, windows-amd64)
# No core dump will be written. Minidumps are not enabled by default on client versions of Windows
#

---------------  S U M M A R Y ------------

Command Line: org.jetbrains.kotlin.cli.jvm.K2JVMCompiler @D:\portfolio\barcodescanwithcompose\app\build\20240306_17726176130365450621.compiler.options

Host: Intel(R) Core(TM) i7-7500U CPU @ 2.70GHz, 4 cores, 11G,  Windows 11 , 64 bit Build 22621 (10.0.22621.2506)
Time: Wed Mar  6 21:52:49 2024 SE Asia Standard Time elapsed time: 9.054526 seconds (0d 0h 0m 9s)

---------------  T H R E A D  ---------------

Current thread (0x000001f96c5b5050):  JavaThread "C2 CompilerThread1" daemon [_thread_in_native, id=10312, stack(0x00000040bde00000,0x00000040bdf00000)]


Current CompileTask:
C2:   9054 4606       4       org.jetbrains.kotlin.parsing.AbstractKotlinParsing::mark (10 bytes)

Stack: [0x00000040bde00000,0x00000040bdf00000]
Native frames: (J=compiled Java code, j=interpreted, Vv=VM code, C=native code)
V  [jvm.dll+0x683bfa]
V  [jvm.dll+0x8430a4]
V  [jvm.dll+0x8449be]
V  [jvm.dll+0x845023]
V  [jvm.dll+0x24ad2f]
V  [jvm.dll+0xac25c]
V  [jvm.dll+0xac82c]
V  [jvm.dll+0x36a187]
V  [jvm.dll+0x334821]
V  [jvm.dll+0x333cca]
V  [jvm.dll+0x21d251]
V  [jvm.dll+0x21c671]
V  [jvm.dll+0x1a605d]
V  [jvm.dll+0x22c148]
V  [jvm.dll+0x22a209]
V  [jvm.dll+0x7f858c]
V  [jvm.dll+0x7f2aea]
V  [jvm.dll+0x682a35]
C  [ucrtbase.dll+0x29363]
C  [KERNEL32.DLL+0x1257d]
C  [ntdll.dll+0x5aa58]


---------------  P R O C E S S  ---------------

Threads class SMR info:
_java_thread_list=0x000001f96d088640, length=13, elements={
0x000001f94aa37810, 0x000001f966558260, 0x000001f9665590d0, 0x000001f96653b010,
0x000001f96653bad0, 0x000001f9666c3410, 0x000001f9666c3dc0, 0x000001f9666c4aa0,
0x000001f9667356e0, 0x000001f96673b8a0, 0x000001f966828dd0, 0x000001f96682fb60,
0x000001f96c5b5050
}

Java Threads: ( => current thread )
  0x000001f94aa37810 JavaThread "main" [_thread_in_vm, id=12016, stack(0x00000040bc800000,0x00000040bc900000)]
  0x000001f966558260 JavaThread "Reference Handler" daemon [_thread_blocked, id=3812, stack(0x00000040bcf00000,0x00000040bd000000)]
  0x000001f9665590d0 JavaThread "Finalizer" daemon [_thread_blocked, id=8364, stack(0x00000040bd000000,0x00000040bd100000)]
  0x000001f96653b010 JavaThread "Signal Dispatcher" daemon [_thread_blocked, id=10496, stack(0x00000040bd100000,0x00000040bd200000)]
  0x000001f96653bad0 JavaThread "Attach Listener" daemon [_thread_blocked, id=7964, stack(0x00000040bd200000,0x00000040bd300000)]
  0x000001f9666c3410 JavaThread "Service Thread" daemon [_thread_blocked, id=7220, stack(0x00000040bd300000,0x00000040bd400000)]
  0x000001f9666c3dc0 JavaThread "Monitor Deflation Thread" daemon [_thread_blocked, id=5912, stack(0x00000040bd400000,0x00000040bd500000)]
  0x000001f9666c4aa0 JavaThread "C2 CompilerThread0" daemon [_thread_in_native, id=8212, stack(0x00000040bd500000,0x00000040bd600000)]
  0x000001f9667356e0 JavaThread "C1 CompilerThread0" daemon [_thread_blocked, id=5588, stack(0x00000040bd600000,0x00000040bd700000)]
  0x000001f96673b8a0 JavaThread "Sweeper thread" daemon [_thread_blocked, id=5388, stack(0x00000040bd700000,0x00000040bd800000)]
  0x000001f966828dd0 JavaThread "Notification Thread" daemon [_thread_blocked, id=10652, stack(0x00000040bd800000,0x00000040bd900000)]
  0x000001f96682fb60 JavaThread "Common-Cleaner" daemon [_thread_blocked, id=6256, stack(0x00000040bda00000,0x00000040bdb00000)]
=>0x000001f96c5b5050 JavaThread "C2 CompilerThread1" daemon [_thread_in_native, id=10312, stack(0x00000040bde00000,0x00000040bdf00000)]

Other Threads:
  0x000001f966693600 VMThread "VM Thread" [stack: 0x00000040bce00000,0x00000040bcf00000] [id=11636]
  0x000001f9668292a0 WatcherThread [stack: 0x00000040bd900000,0x00000040bda00000] [id=7744]
  0x000001f94aa91190 GCTaskThread "GC Thread#0" [stack: 0x00000040bc900000,0x00000040bca00000] [id=2204]
  0x000001f96b168ef0 GCTaskThread "GC Thread#1" [stack: 0x00000040bdb00000,0x00000040bdc00000] [id=6588]
  0x000001f96b1691a0 GCTaskThread "GC Thread#2" [stack: 0x00000040bdc00000,0x00000040bdd00000] [id=10776]
  0x000001f96b169450 GCTaskThread "GC Thread#3" [stack: 0x00000040bdd00000,0x00000040bde00000] [id=5620]
  0x000001f94aa9df10 ConcurrentGCThread "G1 Main Marker" [stack: 0x00000040bca00000,0x00000040bcb00000] [id=11868]
  0x000001f94aa9e920 ConcurrentGCThread "G1 Conc#0" [stack: 0x00000040bcb00000,0x00000040bcc00000] [id=2952]
  0x000001f9663a00a0 ConcurrentGCThread "G1 Refine#0" [stack: 0x00000040bcc00000,0x00000040bcd00000] [id=6164]
  0x000001f96d2ebfa0 ConcurrentGCThread "G1 Refine#1" [stack: 0x00000040bdf00000,0x00000040be000000] [id=8024]
  0x000001f9663a0ac0 ConcurrentGCThread "G1 Service" [stack: 0x00000040bcd00000,0x00000040bce00000] [id=3600]

Threads with active compile tasks:
C2 CompilerThread0     9072 4608       4       org.jetbrains.kotlin.com.intellij.lang.impl.PsiBuilderImpl::mark (42 bytes)
C2 CompilerThread1     9072 4606       4       org.jetbrains.kotlin.parsing.AbstractKotlinParsing::mark (10 bytes)

VM state: not at safepoint (normal execution)

VM Mutex/Monitor currently owned by a thread: None

Heap address: 0x0000000741c00000, size: 3044 MB, Compressed Oops mode: Zero based, Oop shift amount: 3

CDS archive(s) not mapped
Compressed class space mapped at: 0x0000000800000000-0x0000000840000000, reserved size: 1073741824
Narrow klass base: 0x0000000800000000, Narrow klass shift: 0, Narrow klass range: 0x40000000

GC Precious Log:
 CPUs: 4 total, 4 available
 Memory: 12173M
 Large Page Support: Disabled
 NUMA Support: Disabled
 Compressed Oops: Enabled (Zero based)
 Heap Region Size: 2M
 Heap Min Capacity: 8M
 Heap Initial Capacity: 192M
 Heap Max Capacity: 3044M
 Pre-touch: Disabled
 Parallel Workers: 4
 Concurrent Workers: 1
 Concurrent Refinement Workers: 4
 Periodic GC: Disabled

Heap:
 garbage-first heap   total 65536K, used 34537K [0x0000000741c00000, 0x0000000800000000)
  region size 2048K, 2 young (4096K), 1 survivors (2048K)
 Metaspace       used 52503K, committed 52736K, reserved 1114112K
  class space    used 6304K, committed 6400K, reserved 1048576K

Heap Regions: E=young(eden), S=young(survivor), O=old, HS=humongous(starts), HC=humongous(continues), CS=collection set, F=free, OA=open archive, CA=closed archive, TAMS=top-at-mark-start (previous, next)
|   0|0x0000000741c00000, 0x0000000741e00000, 0x0000000741e00000|100%|HS|  |TAMS 0x0000000741e00000, 0x0000000741c00000| Complete 
|   1|0x0000000741e00000, 0x0000000742000000, 0x0000000742000000|100%|HC|  |TAMS 0x0000000742000000, 0x0000000741e00000| Complete 
|   2|0x0000000742000000, 0x00000007421df000, 0x0000000742200000| 93%| O|  |TAMS 0x00000007421df000, 0x0000000742000000| Untracked 
|   3|0x0000000742200000, 0x0000000742400000, 0x0000000742400000|100%| O|  |TAMS 0x0000000742400000, 0x0000000742200000| Untracked 
|   4|0x0000000742400000, 0x0000000742600000, 0x0000000742600000|100%| O|  |TAMS 0x0000000742600000, 0x0000000742400000| Untracked 
|   5|0x0000000742600000, 0x0000000742800000, 0x0000000742800000|100%| O|  |TAMS 0x0000000742800000, 0x0000000742600000| Untracked 
|   6|0x0000000742800000, 0x0000000742a00000, 0x0000000742a00000|100%| O|  |TAMS 0x0000000742a00000, 0x0000000742800000| Untracked 
|   7|0x0000000742a00000, 0x0000000742c00000, 0x0000000742c00000|100%| O|  |TAMS 0x0000000742c00000, 0x0000000742a00000| Untracked 
|   8|0x0000000742c00000, 0x0000000742e00000, 0x0000000742e00000|100%| O|  |TAMS 0x0000000742e00000, 0x0000000742c00000| Untracked 
|   9|0x0000000742e00000, 0x0000000743000000, 0x0000000743000000|100%| O|  |TAMS 0x0000000743000000, 0x0000000742e00000| Untracked 
|  10|0x0000000743000000, 0x0000000743200000, 0x0000000743200000|100%|HS|  |TAMS 0x0000000743200000, 0x0000000743000000| Complete 
|  11|0x0000000743200000, 0x0000000743400000, 0x0000000743400000|100%| O|  |TAMS 0x0000000743400000, 0x0000000743200000| Untracked 
|  12|0x0000000743400000, 0x0000000743600000, 0x0000000743600000|100%| O|  |TAMS 0x0000000743600000, 0x0000000743400000| Untracked 
|  13|0x0000000743600000, 0x0000000743800000, 0x0000000743800000|100%| O|  |TAMS 0x0000000743800000, 0x0000000743600000| Untracked 
|  14|0x0000000743800000, 0x0000000743a00000, 0x0000000743a00000|100%| O|  |TAMS 0x0000000743a00000, 0x0000000743800000| Untracked 
|  15|0x0000000743a00000, 0x0000000743c00000, 0x0000000743c00000|100%| O|  |TAMS 0x0000000743bc4400, 0x0000000743a00000| Untracked 
|  16|0x0000000743c00000, 0x0000000743c1de08, 0x0000000743e00000|  5%| O|  |TAMS 0x0000000743c00000, 0x0000000743c00000| Untracked 
|  17|0x0000000743e00000, 0x0000000743e00000, 0x0000000744000000|  0%| F|  |TAMS 0x0000000743e00000, 0x0000000743e00000| Untracked 
|  18|0x0000000744000000, 0x0000000744000000, 0x0000000744200000|  0%| F|  |TAMS 0x0000000744000000, 0x0000000744000000| Untracked 
|  19|0x0000000744200000, 0x0000000744200000, 0x0000000744400000|  0%| F|  |TAMS 0x0000000744200000, 0x0000000744200000| Untracked 
|  20|0x0000000744400000, 0x0000000744400000, 0x0000000744600000|  0%| F|  |TAMS 0x0000000744400000, 0x0000000744400000| Untracked 
|  21|0x0000000744600000, 0x0000000744600000, 0x0000000744800000|  0%| F|  |TAMS 0x0000000744600000, 0x0000000744600000| Untracked 
|  22|0x0000000744800000, 0x0000000744800000, 0x0000000744a00000|  0%| F|  |TAMS 0x0000000744800000, 0x0000000744800000| Untracked 
|  23|0x0000000744a00000, 0x0000000744bbd7b8, 0x0000000744c00000| 87%| S|CS|TAMS 0x0000000744a00000, 0x0000000744a00000| Complete 
|  24|0x0000000744c00000, 0x0000000744c00000, 0x0000000744e00000|  0%| F|  |TAMS 0x0000000744c00000, 0x0000000744c00000| Untracked 
|  25|0x0000000744e00000, 0x0000000744e00000, 0x0000000745000000|  0%| F|  |TAMS 0x0000000744e00000, 0x0000000744e00000| Untracked 
|  26|0x0000000745000000, 0x0000000745000000, 0x0000000745200000|  0%| F|  |TAMS 0x0000000745000000, 0x0000000745000000| Untracked 
|  27|0x0000000745200000, 0x0000000745200000, 0x0000000745400000|  0%| F|  |TAMS 0x0000000745200000, 0x0000000745200000| Untracked 
|  76|0x000000074b400000, 0x000000074b400000, 0x000000074b600000|  0%| F|  |TAMS 0x000000074b400000, 0x000000074b400000| Untracked 
|  77|0x000000074b600000, 0x000000074b600000, 0x000000074b800000|  0%| F|  |TAMS 0x000000074b600000, 0x000000074b600000| Untracked 
|  78|0x000000074b800000, 0x000000074b800000, 0x000000074ba00000|  0%| F|  |TAMS 0x000000074b800000, 0x000000074b800000| Untracked 
|  95|0x000000074da00000, 0x000000074dbb4ba0, 0x000000074dc00000| 85%| E|  |TAMS 0x000000074da00000, 0x000000074da00000| Complete 

Card table byte_map: [0x000001f95d510000,0x000001f95db10000] _byte_map_base: 0x000001f959b02000

Marking Bits (Prev, Next): (CMBitMap*) 0x000001f94aa917a0, (CMBitMap*) 0x000001f94aa917e0
 Prev Bits: [0x000001f95e110000, 0x000001f9610a0000)
 Next Bits: [0x000001f9610a0000, 0x000001f964030000)

Polling page: 0x000001f948a40000

Metaspace:

Usage:
  Non-class:     45.12 MB used.
      Class:      6.16 MB used.
       Both:     51.27 MB used.

Virtual space:
  Non-class space:       64.00 MB reserved,      45.25 MB ( 71%) committed,  1 nodes.
      Class space:        1.00 GB reserved,       6.25 MB ( <1%) committed,  1 nodes.
             Both:        1.06 GB reserved,      51.50 MB (  5%) committed. 

Chunk freelists:
   Non-Class:  1.92 MB
       Class:  9.70 MB
        Both:  11.62 MB

MaxMetaspaceSize: unlimited
CompressedClassSpaceSize: 1.00 GB
Initial GC threshold: 21.00 MB
Current GC threshold: 85.56 MB
CDS: off
MetaspaceReclaimPolicy: balanced
 - commit_granule_bytes: 65536.
 - commit_granule_words: 8192.
 - virtual_space_node_default_size: 8388608.
 - enlarge_chunks_in_place: 1.
 - new_chunks_are_fully_committed: 0.
 - uncommit_free_chunks: 1.
 - use_allocation_guard: 0.
 - handle_deallocations: 1.


Internal statistics:

num_allocs_failed_limit: 6.
num_arena_births: 214.
num_arena_deaths: 0.
num_vsnodes_births: 2.
num_vsnodes_deaths: 0.
num_space_committed: 822.
num_space_uncommitted: 0.
num_chunks_returned_to_freelist: 6.
num_chunks_taken_from_freelist: 1755.
num_chunk_merges: 6.
num_chunk_splits: 1462.
num_chunks_enlarged: 1308.
num_inconsistent_stats: 0.

CodeHeap 'non-profiled nmethods': size=120000Kb used=2469Kb max_used=2469Kb free=117531Kb
 bounds [0x000001f9559e0000, 0x000001f955c50000, 0x000001f95cf10000]
CodeHeap 'profiled nmethods': size=120000Kb used=9740Kb max_used=9740Kb free=110259Kb
 bounds [0x000001f94df10000, 0x000001f94e8a0000, 0x000001f955440000]
CodeHeap 'non-nmethods': size=5760Kb used=1278Kb max_used=1396Kb free=4482Kb
 bounds [0x000001f955440000, 0x000001f9556b0000, 0x000001f9559e0000]
 total_blobs=5191 nmethods=4597 adapters=506
 compilation: enabled
              stopped_count=0, restarted_count=0
 full_count=0

Compilation events (20 events):
Event: 9.028 Thread 0x000001f9667356e0 4614       3       org.jetbrains.kotlin.com.intellij.psi.impl.source.tree.LazyParseableElement::rawAddChildrenWithoutNotifications (51 bytes)
Event: 9.029 Thread 0x000001f9667356e0 nmethod 4614 0x000001f94e88ce90 code [0x000001f94e88d100, 0x000001f94e88dac8]
Event: 9.029 Thread 0x000001f9667356e0 4615       3       org.jetbrains.kotlin.com.intellij.psi.impl.source.tree.LazyParseableElement::getLastChildNode (9 bytes)
Event: 9.029 Thread 0x000001f9667356e0 nmethod 4615 0x000001f94e88de10 code [0x000001f94e88dfc0, 0x000001f94e88e128]
Event: 9.029 Thread 0x000001f9667356e0 4616       1       org.jetbrains.kotlin.resolve.lazy.descriptors.LazyAnnotationDescriptor::getC (5 bytes)
Event: 9.029 Thread 0x000001f9667356e0 nmethod 4616 0x000001f955c45390 code [0x000001f955c45520, 0x000001f955c455f8]
Event: 9.029 Thread 0x000001f9667356e0 4617       1       org.jetbrains.kotlin.resolve.lazy.descriptors.LazyAnnotationsContext::getTrace (5 bytes)
Event: 9.029 Thread 0x000001f9667356e0 nmethod 4617 0x000001f955c45690 code [0x000001f955c45820, 0x000001f955c458f8]
Event: 9.029 Thread 0x000001f9667356e0 4618       3       org.jetbrains.kotlin.com.intellij.util.keyFMap.ArrayBackedFMap::indexOf (50 bytes)
Event: 9.029 Thread 0x000001f9667356e0 nmethod 4618 0x000001f94e88e210 code [0x000001f94e88e3c0, 0x000001f94e88e658]
Event: 9.044 Thread 0x000001f9667356e0 4619       3       org.jetbrains.kotlin.resolve.QualifiedExpressionResolver$ExpressionQualifierPart::<init> (21 bytes)
Event: 9.044 Thread 0x000001f9667356e0 nmethod 4619 0x000001f94e88e790 code [0x000001f94e88e9c0, 0x000001f94e88f118]
Event: 9.044 Thread 0x000001f9667356e0 4620       3       org.jetbrains.kotlin.resolve.DescriptorUtils::getParentOfType (16 bytes)
Event: 9.045 Thread 0x000001f9667356e0 nmethod 4620 0x000001f94e88f410 code [0x000001f94e88f5c0, 0x000001f94e88f758]
Event: 9.047 Thread 0x000001f9667356e0 4621       3       org.jetbrains.kotlin.resolve.calls.components.candidate.ResolutionCandidate::processPart$default (33 bytes)
Event: 9.047 Thread 0x000001f9667356e0 nmethod 4621 0x000001f94e88f810 code [0x000001f94e88f9c0, 0x000001f94e88fc38]
Event: 9.047 Thread 0x000001f9667356e0 4622       3       org.jetbrains.kotlin.psi.KtAnnotationEntry::getCalleeExpression (11 bytes)
Event: 9.048 Thread 0x000001f9667356e0 nmethod 4622 0x000001f94e88fd90 code [0x000001f94e88ff40, 0x000001f94e890208]
Event: 9.051 Thread 0x000001f9666c4aa0 nmethod 4605 0x000001f955c45990 code [0x000001f955c45be0, 0x000001f955c476d0]
Event: 9.051 Thread 0x000001f9666c4aa0 4613       4       org.jetbrains.kotlin.com.intellij.lang.impl.PsiBuilderImpl::shiftOverWhitespaceForward (29 bytes)

GC Heap History (20 events):
Event: 4.519 GC heap before
{Heap before GC invocations=6 (full 0):
 garbage-first heap   total 51200K, used 34078K [0x0000000741c00000, 0x0000000800000000)
  region size 2048K, 9 young (18432K), 2 survivors (4096K)
 Metaspace       used 34008K, committed 34240K, reserved 1114112K
  class space    used 4314K, committed 4416K, reserved 1048576K
}
Event: 4.530 GC heap after
{Heap after GC invocations=7 (full 0):
 garbage-first heap   total 51200K, used 22017K [0x0000000741c00000, 0x0000000800000000)
  region size 2048K, 1 young (2048K), 1 survivors (2048K)
 Metaspace       used 34008K, committed 34240K, reserved 1114112K
  class space    used 4314K, committed 4416K, reserved 1048576K
}
Event: 4.782 GC heap before
{Heap before GC invocations=7 (full 0):
 garbage-first heap   total 51200K, used 32257K [0x0000000741c00000, 0x0000000800000000)
  region size 2048K, 7 young (14336K), 1 survivors (2048K)
 Metaspace       used 35847K, committed 36096K, reserved 1114112K
  class space    used 4523K, committed 4608K, reserved 1048576K
}
Event: 4.786 GC heap after
{Heap after GC invocations=8 (full 0):
 garbage-first heap   total 51200K, used 20992K [0x0000000741c00000, 0x0000000800000000)
  region size 2048K, 1 young (2048K), 1 survivors (2048K)
 Metaspace       used 35847K, committed 36096K, reserved 1114112K
  class space    used 4523K, committed 4608K, reserved 1048576K
}
Event: 5.122 GC heap before
{Heap before GC invocations=9 (full 0):
 garbage-first heap   total 51200K, used 35328K [0x0000000741c00000, 0x0000000800000000)
  region size 2048K, 8 young (16384K), 1 survivors (2048K)
 Metaspace       used 38522K, committed 38784K, reserved 1114112K
  class space    used 4797K, committed 4928K, reserved 1048576K
}
Event: 5.127 GC heap after
{Heap after GC invocations=10 (full 0):
 garbage-first heap   total 51200K, used 22804K [0x0000000741c00000, 0x0000000800000000)
  region size 2048K, 1 young (2048K), 1 survivors (2048K)
 Metaspace       used 38522K, committed 38784K, reserved 1114112K
  class space    used 4797K, committed 4928K, reserved 1048576K
}
Event: 5.173 GC heap before
{Heap before GC invocations=10 (full 0):
 garbage-first heap   total 51200K, used 24852K [0x0000000741c00000, 0x0000000800000000)
  region size 2048K, 2 young (4096K), 1 survivors (2048K)
 Metaspace       used 39017K, committed 39232K, reserved 1114112K
  class space    used 4825K, committed 4928K, reserved 1048576K
}
Event: 5.181 GC heap after
{Heap after GC invocations=11 (full 0):
 garbage-first heap   total 63488K, used 22103K [0x0000000741c00000, 0x0000000800000000)
  region size 2048K, 1 young (2048K), 1 survivors (2048K)
 Metaspace       used 39017K, committed 39232K, reserved 1114112K
  class space    used 4825K, committed 4928K, reserved 1048576K
}
Event: 5.804 GC heap before
{Heap before GC invocations=11 (full 0):
 garbage-first heap   total 63488K, used 42583K [0x0000000741c00000, 0x0000000800000000)
  region size 2048K, 11 young (22528K), 1 survivors (2048K)
 Metaspace       used 43858K, committed 44160K, reserved 1114112K
  class space    used 5302K, committed 5440K, reserved 1048576K
}
Event: 5.810 GC heap after
{Heap after GC invocations=12 (full 0):
 garbage-first heap   total 63488K, used 23687K [0x0000000741c00000, 0x0000000800000000)
  region size 2048K, 1 young (2048K), 1 survivors (2048K)
 Metaspace       used 43858K, committed 44160K, reserved 1114112K
  class space    used 5302K, committed 5440K, reserved 1048576K
}
Event: 6.971 GC heap before
{Heap before GC invocations=12 (full 0):
 garbage-first heap   total 63488K, used 46215K [0x0000000741c00000, 0x0000000800000000)
  region size 2048K, 11 young (22528K), 1 survivors (2048K)
 Metaspace       used 48117K, committed 48320K, reserved 1114112K
  class space    used 5825K, committed 5952K, reserved 1048576K
}
Event: 6.981 GC heap after
{Heap after GC invocations=13 (full 0):
 garbage-first heap   total 63488K, used 28488K [0x0000000741c00000, 0x0000000800000000)
  region size 2048K, 2 young (4096K), 2 survivors (4096K)
 Metaspace       used 48117K, committed 48320K, reserved 1114112K
  class space    used 5825K, committed 5952K, reserved 1048576K
}
Event: 7.474 GC heap before
{Heap before GC invocations=13 (full 0):
 garbage-first heap   total 63488K, used 46920K [0x0000000741c00000, 0x0000000800000000)
  region size 2048K, 11 young (22528K), 2 survivors (4096K)
 Metaspace       used 51247K, committed 51456K, reserved 1114112K
  class space    used 6173K, committed 6272K, reserved 1048576K
}
Event: 7.488 GC heap after
{Heap after GC invocations=14 (full 0):
 garbage-first heap   total 63488K, used 31588K [0x0000000741c00000, 0x0000000800000000)
  region size 2048K, 2 young (4096K), 2 survivors (4096K)
 Metaspace       used 51247K, committed 51456K, reserved 1114112K
  class space    used 6173K, committed 6272K, reserved 1048576K
}
Event: 7.640 GC heap before
{Heap before GC invocations=14 (full 0):
 garbage-first heap   total 63488K, used 45924K [0x0000000741c00000, 0x0000000800000000)
  region size 2048K, 9 young (18432K), 2 survivors (4096K)
 Metaspace       used 51673K, committed 51904K, reserved 1114112K
  class space    used 6210K, committed 6336K, reserved 1048576K
}
Event: 7.652 GC heap after
{Heap after GC invocations=15 (full 0):
 garbage-first heap   total 63488K, used 35496K [0x0000000741c00000, 0x0000000800000000)
  region size 2048K, 2 young (4096K), 2 survivors (4096K)
 Metaspace       used 51673K, committed 51904K, reserved 1114112K
  class space    used 6210K, committed 6336K, reserved 1048576K
}
Event: 7.829 GC heap before
{Heap before GC invocations=16 (full 0):
 garbage-first heap   total 65536K, used 45736K [0x0000000741c00000, 0x0000000800000000)
  region size 2048K, 7 young (14336K), 2 survivors (4096K)
 Metaspace       used 51673K, committed 51904K, reserved 1114112K
  class space    used 6210K, committed 6336K, reserved 1048576K
}
Event: 7.833 GC heap after
{Heap after GC invocations=17 (full 0):
 garbage-first heap   total 65536K, used 34163K [0x0000000741c00000, 0x0000000800000000)
  region size 2048K, 1 young (2048K), 1 survivors (2048K)
 Metaspace       used 51673K, committed 51904K, reserved 1114112K
  class space    used 6210K, committed 6336K, reserved 1048576K
}
Event: 8.739 GC heap before
{Heap before GC invocations=17 (full 0):
 garbage-first heap   total 65536K, used 48499K [0x0000000741c00000, 0x0000000800000000)
  region size 2048K, 8 young (16384K), 1 survivors (2048K)
 Metaspace       used 52176K, committed 52352K, reserved 1114112K
  class space    used 6263K, committed 6336K, reserved 1048576K
}
Event: 8.745 GC heap after
{Heap after GC invocations=18 (full 0):
 garbage-first heap   total 65536K, used 34537K [0x0000000741c00000, 0x0000000800000000)
  region size 2048K, 1 young (2048K), 1 survivors (2048K)
 Metaspace       used 52176K, committed 52352K, reserved 1114112K
  class space    used 6263K, committed 6336K, reserved 1048576K
}

Dll operation events (2 events):
Event: 0.015 Loaded shared library C:\Program Files\Android\Android Studio\jbr\bin\java.dll
Event: 3.190 Loaded shared library C:\Program Files\Android\Android Studio\jbr\bin\verify.dll

Deoptimization events (20 events):
Event: 8.731 Thread 0x000001f94aa37810 Uncommon trap: trap_request=0xffffff45 fr.pc=0x000001f955a9cbcc relative=0x000000000000004c
Event: 8.731 Thread 0x000001f94aa37810 Uncommon trap: reason=unstable_if action=reinterpret pc=0x000001f955a9cbcc method=kotlin.jvm.internal.Intrinsics.areEqual(Ljava/lang/Object;Ljava/lang/Object;)Z @ 5 c2
Event: 8.731 Thread 0x000001f94aa37810 DEOPT PACKING pc=0x000001f955a9cbcc sp=0x00000040bc8fbf90
Event: 8.731 Thread 0x000001f94aa37810 DEOPT UNPACKING pc=0x000001f9554969a3 sp=0x00000040bc8fbf20 mode 2
Event: 8.731 Thread 0x000001f94aa37810 Uncommon trap: trap_request=0xffffff45 fr.pc=0x000001f955b5a674 relative=0x0000000000000814
Event: 8.731 Thread 0x000001f94aa37810 Uncommon trap: reason=unstable_if action=reinterpret pc=0x000001f955b5a674 method=java.util.HashMap.putVal(ILjava/lang/Object;Ljava/lang/Object;ZZ)Ljava/lang/Object; @ 94 c2
Event: 8.731 Thread 0x000001f94aa37810 DEOPT PACKING pc=0x000001f955b5a674 sp=0x00000040bc8fb8a0
Event: 8.731 Thread 0x000001f94aa37810 DEOPT UNPACKING pc=0x000001f9554969a3 sp=0x00000040bc8fb828 mode 2
Event: 8.746 Thread 0x000001f94aa37810 Uncommon trap: trap_request=0xffffff45 fr.pc=0x000001f955b83640 relative=0x0000000000000560
Event: 8.746 Thread 0x000001f94aa37810 Uncommon trap: reason=unstable_if action=reinterpret pc=0x000001f955b83640 method=java.util.HashMap.hash(Ljava/lang/Object;)I @ 1 c2
Event: 8.746 Thread 0x000001f94aa37810 DEOPT PACKING pc=0x000001f955b83640 sp=0x00000040bc8fc260
Event: 8.746 Thread 0x000001f94aa37810 DEOPT UNPACKING pc=0x000001f9554969a3 sp=0x00000040bc8fc098 mode 2
Event: 8.845 Thread 0x000001f94aa37810 DEOPT PACKING pc=0x000001f94e6a5004 sp=0x00000040bc8fbd30
Event: 8.845 Thread 0x000001f94aa37810 DEOPT UNPACKING pc=0x000001f955497143 sp=0x00000040bc8fb250 mode 0
Event: 8.847 Thread 0x000001f94aa37810 DEOPT PACKING pc=0x000001f955bd9370 sp=0x00000040bc8fbd50
Event: 8.847 Thread 0x000001f94aa37810 DEOPT UNPACKING pc=0x000001f955497143 sp=0x00000040bc8fb230 mode 0
Event: 9.017 Thread 0x000001f94aa37810 Uncommon trap: trap_request=0xffffff45 fr.pc=0x000001f955b3e17c relative=0x0000000000001b9c
Event: 9.017 Thread 0x000001f94aa37810 Uncommon trap: reason=unstable_if action=reinterpret pc=0x000001f955b3e17c method=org.jetbrains.kotlin.parsing.SemanticWhitespaceAwarePsiBuilderImpl.getJoinedTokenType(Lorg/jetbrains/kotlin/com/intellij/psi/tree/IElementType;I)Lorg/jetbrains/kotlin/com/in
Event: 9.017 Thread 0x000001f94aa37810 DEOPT PACKING pc=0x000001f955b3e17c sp=0x00000040bc8fc150
Event: 9.017 Thread 0x000001f94aa37810 DEOPT UNPACKING pc=0x000001f9554969a3 sp=0x00000040bc8fc0d8 mode 2

Classes unloaded (0 events):
No events

Classes redefined (0 events):
No events

Internal exceptions (20 events):
Event: 3.134 Thread 0x000001f94aa37810 Exception <a 'java/lang/NoSuchMethodError'{0x00000007438395d0}: 'void java.lang.invoke.DirectMethodHandle$Holder.invokeStaticInit(java.lang.Object, java.lang.Object)'> (0x00000007438395d0) 
thrown [s\src\hotspot\share\interpreter\linkResolver.cpp, line 771]
Event: 3.348 Thread 0x000001f94aa37810 Exception <a 'java/lang/NoSuchMethodError'{0x00000007435c36a0}: 'void java.lang.invoke.DirectMethodHandle$Holder.invokeVirtual(java.lang.Object, java.lang.Object)'> (0x00000007435c36a0) 
thrown [s\src\hotspot\share\interpreter\linkResolver.cpp, line 771]
Event: 3.361 Thread 0x000001f94aa37810 Exception <a 'java/lang/NoSuchMethodError'{0x000000074320f3d8}: 'int java.lang.invoke.DirectMethodHandle$Holder.invokeVirtual(java.lang.Object, java.lang.Object)'> (0x000000074320f3d8) 
thrown [s\src\hotspot\share\interpreter\linkResolver.cpp, line 771]
Event: 3.381 Thread 0x000001f94aa37810 Exception <a 'java/lang/NoSuchMethodError'{0x00000007432a6940}: 'java.lang.Object java.lang.invoke.Invokers$Holder.invokeExact_MT(java.lang.Object, java.lang.Object, java.lang.Object, java.lang.Object, java.lang.Object, java.lang.Object)'> (0x00000007432a6940) 
thrown [s\src\hotspot\share\interpreter\linkResolver.cpp, line 771]
Event: 4.098 Thread 0x000001f94aa37810 Implicit null exception at 0x000001f955ad6086 to 0x000001f955ad62fc
Event: 4.313 Thread 0x000001f94aa37810 Implicit null exception at 0x000001f9559fa572 to 0x000001f9559fabcc
Event: 4.489 Thread 0x000001f94aa37810 Implicit null exception at 0x000001f9559fb272 to 0x000001f9559fb8cc
Event: 4.566 Thread 0x000001f94aa37810 Exception <a 'java/lang/NoSuchMethodError'{0x000000074dba56a8}: 'java.lang.Object java.lang.invoke.DirectMethodHandle$Holder.invokeVirtual(java.lang.Object, java.lang.Object, java.lang.Object)'> (0x000000074dba56a8) 
thrown [s\src\hotspot\share\interpreter\linkResolver.cpp, line 771]
Event: 4.834 Thread 0x000001f94aa37810 Implicit null exception at 0x000001f955ad5900 to 0x000001f955ad5b50
Event: 5.600 Thread 0x000001f94aa37810 Exception <a 'java/lang/NoSuchMethodError'{0x0000000744709ad0}: 'java.lang.Object java.lang.invoke.DirectMethodHandle$Holder.newInvokeSpecial(java.lang.Object, java.lang.Object, int)'> (0x0000000744709ad0) 
thrown [s\src\hotspot\share\interpreter\linkResolver.cpp, line 771]
Event: 5.702 Thread 0x000001f94aa37810 Implicit null exception at 0x000001f955b23dd3 to 0x000001f955b23ef0
Event: 5.787 Thread 0x000001f94aa37810 Implicit null exception at 0x000001f955b21acc to 0x000001f955b21bd4
Event: 5.924 Thread 0x000001f94aa37810 Exception <a 'java/lang/NoSuchMethodError'{0x000000074dbafc18}: 'java.lang.Object java.lang.invoke.DirectMethodHandle$Holder.newInvokeSpecial(java.lang.Object, java.lang.Object, java.lang.Object, int)'> (0x000000074dbafc18) 
thrown [s\src\hotspot\share\interpreter\linkResolver.cpp, line 771]
Event: 5.925 Thread 0x000001f94aa37810 Exception <a 'java/lang/NoSuchMethodError'{0x000000074dbb42a0}: 'java.lang.Object java.lang.invoke.DirectMethodHandle$Holder.invokeSpecial(java.lang.Object, java.lang.Object, java.lang.Object, java.lang.Object, int)'> (0x000000074dbb42a0) 
thrown [s\src\hotspot\share\interpreter\linkResolver.cpp, line 771]
Event: 5.925 Thread 0x000001f94aa37810 Exception <a 'java/lang/NoSuchMethodError'{0x000000074dbb8110}: 'java.lang.Object java.lang.invoke.Invokers$Holder.linkToTargetMethod(java.lang.Object, java.lang.Object, int, java.lang.Object)'> (0x000000074dbb8110) 
thrown [s\src\hotspot\share\interpreter\linkResolver.cpp, line 771]
Event: 8.023 Thread 0x000001f94aa37810 Exception <a 'java/lang/NoSuchMethodError'{0x000000074dbf5090}: 'java.lang.Object java.lang.invoke.DirectMethodHandle$Holder.newInvokeSpecial(java.lang.Object, java.lang.Object, java.lang.Object, java.lang.Object, java.lang.Object, java.lang.Object, java.lang.Object, java.lang.Object)'> (0x000000074dbf5090) 
thrown [s\src\hotspot\share\interpreter\linkResolver.cpp, line 771]
Event: 8.026 Thread 0x000001f94aa37810 Exception <a 'java/lang/NoSuchMethodError'{0x000000074dbfa9c0}: 'java.lang.Object java.lang.invoke.DirectMethodHandle$Holder.invokeSpecial(java.lang.Object, java.lang.Object, java.lang.Object, java.lang.Object, java.lang.Object, java.lang.Object, java.lang.Object, java.lang.Object, java.lang.Object)'> (0x000000074dbfa9c0) 
thrown [s\src\hotspot\share\interpreter\linkResolver.cpp, line 771]
Event: 8.027 Thread 0x000001f94aa37810 Exception <a 'java/lang/NoSuchMethodError'{0x000000074dbff8f0}: 'java.lang.Object java.lang.invoke.Invokers$Holder.linkToTargetMethod(java.lang.Object, java.lang.Object, java.lang.Object, java.lang.Object, java.lang.Object, java.lang.Object, java.lang.Object, java.lang.Object)'> (0x000000074dbff8f0) 
thrown [s\src\hotspot\share\interpreter\linkResolver.cpp, line 771]
Event: 8.079 Thread 0x000001f94aa37810 Exception <a 'java/lang/NoSuchMethodError'{0x000000074b8ca628}: 'java.lang.Object java.lang.invoke.DirectMethodHandle$Holder.newInvokeSpecial(java.lang.Object, java.lang.Object, java.lang.Object, java.lang.Object, java.lang.Object, java.lang.Object)'> (0x000000074b8ca628) 
thrown [s\src\hotspot\share\interpreter\linkResolver.cpp, line 771]
Event: 8.746 Thread 0x000001f94aa37810 Implicit null exception at 0x000001f955b83151 to 0x000001f955b83620

VM Operations (20 events):
Event: 7.708 Executing VM operation: G1Concurrent
Event: 7.713 Executing VM operation: G1Concurrent done
Event: 7.744 Executing VM operation: G1Concurrent
Event: 7.745 Executing VM operation: G1Concurrent done
Event: 7.829 Executing VM operation: G1CollectForAllocation
Event: 7.833 Executing VM operation: G1CollectForAllocation done
Event: 7.847 Executing VM operation: HandshakeAllThreads
Event: 7.847 Executing VM operation: HandshakeAllThreads done
Event: 8.734 Executing VM operation: HandshakeAllThreads
Event: 8.734 Executing VM operation: HandshakeAllThreads done
Event: 8.739 Executing VM operation: G1CollectForAllocation
Event: 8.745 Executing VM operation: G1CollectForAllocation done
Event: 8.840 Executing VM operation: HandshakeAllThreads
Event: 8.840 Executing VM operation: HandshakeAllThreads done
Event: 8.840 Executing VM operation: G1Concurrent
Event: 8.845 Executing VM operation: G1Concurrent done
Event: 8.847 Executing VM operation: HandshakeAllThreads
Event: 8.847 Executing VM operation: HandshakeAllThreads done
Event: 8.877 Executing VM operation: G1Concurrent
Event: 8.880 Executing VM operation: G1Concurrent done

Events (20 events):
Event: 6.735 loading class java/util/stream/IntPipeline done
Event: 6.735 loading class java/util/stream/IntPipeline$Head done
Event: 6.737 loading class java/util/stream/IntPipeline$1
Event: 6.737 loading class java/util/stream/IntPipeline$1 done
Event: 6.739 loading class java/util/stream/ReferencePipeline$2
Event: 6.739 loading class java/util/stream/ReferencePipeline$2 done
Event: 6.740 loading class java/util/stream/ReferencePipeline$2$1
Event: 6.741 loading class java/util/stream/ReferencePipeline$2$1 done
Event: 6.741 loading class java/util/stream/IntPipeline$1$1
Event: 6.741 loading class java/util/stream/Sink$ChainedInt
Event: 6.741 loading class java/util/stream/Sink$OfInt
Event: 6.741 loading class java/util/function/IntConsumer
Event: 6.741 loading class java/util/function/IntConsumer done
Event: 6.741 loading class java/util/stream/Sink$OfInt done
Event: 6.741 loading class java/util/stream/Sink$ChainedInt done
Event: 6.741 loading class java/util/stream/IntPipeline$1$1 done
Event: 7.465 loading class java/util/Collections$SingletonMap
Event: 7.465 loading class java/util/Collections$SingletonMap done
Event: 8.846 Thread 0x000001f96c5b5050 Thread exited: 0x000001f96c5b5050
Event: 8.911 Thread 0x000001f96c5b5050 Thread added: 0x000001f96c5b5050


Dynamic libraries:
0x00007ff7be730000 - 0x00007ff7be73a000 	C:\Program Files\Android\Android Studio\jbr\bin\java.exe
0x00007ffd771b0000 - 0x00007ffd773c7000 	C:\Windows\SYSTEM32\ntdll.dll
0x00007ffd75860000 - 0x00007ffd75924000 	C:\Windows\System32\KERNEL32.DLL
0x00007ffd74670000 - 0x00007ffd74a16000 	C:\Windows\System32\KERNELBASE.dll
0x00007ffd74520000 - 0x00007ffd74631000 	C:\Windows\System32\ucrtbase.dll
0x00007ffd66bf0000 - 0x00007ffd66c07000 	C:\Program Files\Android\Android Studio\jbr\bin\jli.dll
0x00007ffd762e0000 - 0x00007ffd7648e000 	C:\Windows\System32\USER32.dll
0x00007ffd74640000 - 0x00007ffd74666000 	C:\Windows\System32\win32u.dll
0x00007ffd762b0000 - 0x00007ffd762d9000 	C:\Windows\System32\GDI32.dll
0x00007ffd74d20000 - 0x00007ffd74e38000 	C:\Windows\System32\gdi32full.dll
0x00007ffd74a20000 - 0x00007ffd74aba000 	C:\Windows\System32\msvcp_win.dll
0x00007ffd5f970000 - 0x00007ffd5fc03000 	C:\Windows\WinSxS\amd64_microsoft.windows.common-controls_6595b64144ccf1df_6.0.22621.2506_none_270c5ae97388e100\COMCTL32.dll
0x00007ffd6e5f0000 - 0x00007ffd6e60b000 	C:\Program Files\Android\Android Studio\jbr\bin\VCRUNTIME140.dll
0x00007ffd76590000 - 0x00007ffd76637000 	C:\Windows\System32\msvcrt.dll
0x00007ffd766e0000 - 0x00007ffd76711000 	C:\Windows\System32\IMM32.DLL
0x00007ffd66ba0000 - 0x00007ffd66bac000 	C:\Program Files\Android\Android Studio\jbr\bin\vcruntime140_1.dll
0x00007ffd5d320000 - 0x00007ffd5d3ad000 	C:\Program Files\Android\Android Studio\jbr\bin\msvcp140.dll
0x00007ffd45eb0000 - 0x00007ffd46b30000 	C:\Program Files\Android\Android Studio\jbr\bin\server\jvm.dll
0x00007ffd75140000 - 0x00007ffd751f1000 	C:\Windows\System32\ADVAPI32.dll
0x00007ffd767e0000 - 0x00007ffd76885000 	C:\Windows\System32\sechost.dll
0x00007ffd75020000 - 0x00007ffd75137000 	C:\Windows\System32\RPCRT4.dll
0x00007ffd6eb00000 - 0x00007ffd6eb09000 	C:\Windows\SYSTEM32\WSOCK32.dll
0x00007ffd76890000 - 0x00007ffd76901000 	C:\Windows\System32\WS2_32.dll
0x00007ffd6d2f0000 - 0x00007ffd6d324000 	C:\Windows\SYSTEM32\WINMM.dll
0x00007ffd6d350000 - 0x00007ffd6d35a000 	C:\Windows\SYSTEM32\VERSION.dll
0x00007ffd73610000 - 0x00007ffd73628000 	C:\Windows\SYSTEM32\kernel.appcore.dll
0x00007ffd6ea40000 - 0x00007ffd6ea4a000 	C:\Program Files\Android\Android Studio\jbr\bin\jimage.dll
0x00007ffd71d80000 - 0x00007ffd71fb3000 	C:\Windows\SYSTEM32\DBGHELP.DLL
0x00007ffd75210000 - 0x00007ffd75599000 	C:\Windows\System32\combase.dll
0x00007ffd75760000 - 0x00007ffd75837000 	C:\Windows\System32\OLEAUT32.dll
0x00007ffd66620000 - 0x00007ffd66652000 	C:\Windows\SYSTEM32\dbgcore.DLL
0x00007ffd74ca0000 - 0x00007ffd74d1a000 	C:\Windows\System32\bcryptPrimitives.dll
0x00007ffd6e550000 - 0x00007ffd6e575000 	C:\Program Files\Android\Android Studio\jbr\bin\java.dll
0x00007ffd6e3c0000 - 0x00007ffd6e3d8000 	C:\Program Files\Android\Android Studio\jbr\bin\zip.dll
0x00007ffd76910000 - 0x00007ffd7716a000 	C:\Windows\System32\SHELL32.dll
0x00007ffd72450000 - 0x00007ffd72d46000 	C:\Windows\SYSTEM32\windows.storage.dll
0x00007ffd72310000 - 0x00007ffd7244e000 	C:\Windows\SYSTEM32\wintypes.dll
0x00007ffd76490000 - 0x00007ffd76583000 	C:\Windows\System32\SHCORE.dll
0x00007ffd74f00000 - 0x00007ffd74f5e000 	C:\Windows\System32\shlwapi.dll
0x00007ffd74450000 - 0x00007ffd74476000 	C:\Windows\SYSTEM32\profapi.dll
0x00007ffd6c580000 - 0x00007ffd6c599000 	C:\Program Files\Android\Android Studio\jbr\bin\net.dll
0x00007ffd6de50000 - 0x00007ffd6df87000 	C:\Windows\SYSTEM32\WINHTTP.dll
0x00007ffd73a90000 - 0x00007ffd73af9000 	C:\Windows\system32\mswsock.dll
0x00007ffd6c490000 - 0x00007ffd6c4a6000 	C:\Program Files\Android\Android Studio\jbr\bin\nio.dll
0x00007ffd6e5e0000 - 0x00007ffd6e5f0000 	C:\Program Files\Android\Android Studio\jbr\bin\verify.dll

dbghelp: loaded successfully - version: 4.0.5 - missing functions: none
symbol engine: initialized successfully - sym options: 0x614 - pdb path: .;C:\Program Files\Android\Android Studio\jbr\bin;C:\Windows\SYSTEM32;C:\Windows\WinSxS\amd64_microsoft.windows.common-controls_6595b64144ccf1df_6.0.22621.2506_none_270c5ae97388e100;C:\Program Files\Android\Android Studio\jbr\bin\server

VM Arguments:
java_command: org.jetbrains.kotlin.cli.jvm.K2JVMCompiler @D:\portfolio\barcodescanwithcompose\app\build\20240306_17726176130365450621.compiler.options
java_class_path (initial): C:\Users\Faa\.gradle\caches\modules-2\files-2.1\org.jetbrains.kotlin\kotlin-compiler-embeddable\1.9.0\2c8c3a7402becca891f12739b3e9fd2dc2adbd7a\kotlin-compiler-embeddable-1.9.0.jar;C:\Users\Faa\.gradle\caches\modules-2\files-2.1\org.jetbrains.kotlin\kotlin-stdlib\1.9.0\8ee15ef0c67dc83d874f412d84378d7f0eb50b63\kotlin-stdlib-1.9.0.jar;C:\Users\Faa\.gradle\caches\modules-2\files-2.1\org.jetbrains.kotlin\kotlin-script-runtime\1.9.0\4b3102cbbb7e1b58d9d1adf89563f00069ffa7d1\kotlin-script-runtime-1.9.0.jar;C:\Users\Faa\.gradle\caches\modules-2\files-2.1\org.jetbrains.kotlin\kotlin-reflect\1.6.10\1cbe9c92c12a94eea200d23c2bbaedaf3daf5132\kotlin-reflect-1.6.10.jar;C:\Users\Faa\.gradle\caches\modules-2\files-2.1\org.jetbrains.kotlin\kotlin-daemon-embeddable\1.9.0\186543f5e28cf8d9a0290fecc2cf34301c40a65c\kotlin-daemon-embeddable-1.9.0.jar;C:\Users\Faa\.gradle\caches\modules-2\files-2.1\org.jetbrains.intellij.deps\trove4j\1.0.20200330\3afb14d5f9ceb459d724e907a21145e8ff394f02\trove4j-1.0.20200330.jar;C:\Users\Faa\.gradle\caches\modules-2\files-2.1\org.jetbrains.kotlin\kotlin-stdlib-common\1.9.0\cd65c21cfd1eec4d44ef09f9f52b6d9f8a720636\kotlin-stdlib-common-1.9.0.jar;C:\Users\Faa\.gradle\caches\modules-2\files-2.1\org.jetbrains\annotations\13.0\919f0dfe192fb4e063e7dacadee7f8bb9a2672a9\annotations-13.0.jar
Launcher Type: SUN_STANDARD

[Global flags]
     intx CICompilerCount                          = 3                                         {product} {ergonomic}
     uint ConcGCThreads                            = 1                                         {product} {ergonomic}
     uint G1ConcRefinementThreads                  = 4                                         {product} {ergonomic}
   size_t G1HeapRegionSize                         = 2097152                                   {product} {ergonomic}
    uintx GCDrainStackTargetSize                   = 64                                        {product} {ergonomic}
   size_t InitialHeapSize                          = 201326592                                 {product} {ergonomic}
   size_t MarkStackSize                            = 4194304                                   {product} {ergonomic}
   size_t MaxHeapSize                              = 3191865344                                {product} {ergonomic}
   size_t MaxNewSize                               = 1914699776                                {product} {ergonomic}
   size_t MinHeapDeltaBytes                        = 2097152                                   {product} {ergonomic}
   size_t MinHeapSize                              = 8388608                                   {product} {ergonomic}
    uintx NonNMethodCodeHeapSize                   = 5832780                                {pd product} {ergonomic}
    uintx NonProfiledCodeHeapSize                  = 122912730                              {pd product} {ergonomic}
    uintx ProfiledCodeHeapSize                     = 122912730                              {pd product} {ergonomic}
    uintx ReservedCodeCacheSize                    = 251658240                              {pd product} {ergonomic}
     bool SegmentedCodeCache                       = true                                      {product} {ergonomic}
   size_t SoftMaxHeapSize                          = 3191865344                             {manageable} {ergonomic}
     bool UseCompressedClassPointers               = true                           {product lp64_product} {ergonomic}
     bool UseCompressedOops                        = true                           {product lp64_product} {ergonomic}
     bool UseG1GC                                  = true                                      {product} {ergonomic}
     bool UseLargePagesIndividualAllocation        = false                                  {pd product} {ergonomic}

Logging:
Log output configuration:
 #0: stdout all=warning uptime,level,tags
 #1: stderr all=off uptime,level,tags

Environment Variables:
PATH=C:\Windows\system32;C:\Windows;C:\Windows\System32\Wbem;C:\Windows\System32\WindowsPowerShell\v1.0\;C:\Windows\System32\OpenSSH\;C:\Program Files\Git\bin;C:\Program Files\Git\bin\git.exe;C:\Program Files\Git\cmd;C:\Program Files\Android\Android Studio\jbr\bin;D:\flutter\bin;D:\flutter\bin\cache\dart-sdk\bin;D:\Sdk;D:\Sdk\emulator;D:\Sdk\platform-tools;C:\Program Files\nodejs\;C:\Program Files (x86)\NVIDIA Corporation\PhysX\Common;C:\Program Files\NVIDIA Corporation\NVIDIA NvDLISR;C:\Program Files (x86)\Windows Kits\10\Windows Performance Toolkit\;C:\Program Files\Cloudflare\Cloudflare WARP\;C:\Users\Faa\AppData\Local\Pub\Cache\bin;C:\Program Files\PowerShell\7\;C:\Users\Faa\AppData\Local\Microsoft\WindowsApps;;C:\Users\Faa\AppData\Local\Programs\Microsoft VS Code\bin;C:\Users\Faa\AppData\Roaming\npm
USERNAME=Faa
OS=Windows_NT
PROCESSOR_IDENTIFIER=Intel64 Family 6 Model 142 Stepping 9, GenuineIntel
TMP=C:\Users\Faa\AppData\Local\Temp
TEMP=C:\Users\Faa\AppData\Local\Temp


JNI global refs:
JNI global refs: 9, weak refs: 0

JNI global refs memory usage: 843, weak refs: 841

OOME stack traces (most recent first):
Classloader memory used:
Loader jdk.internal.loader.ClassLoaders$AppClassLoader                                 : 5222K
Loader bootstrap                                                                       : 1298K
Loader java.net.URLClassLoader                                                         : 30466B
Loader jdk.internal.reflect.DelegatingClassLoader                                      : 13067B


---------------  S Y S T E M  ---------------

OS:
 Windows 11 , 64 bit Build 22621 (10.0.22621.2506)
OS uptime: 0 days 1:34 hours

CPU: total 4 (initial active 4) (2 cores per cpu, 2 threads per core) family 6 model 142 stepping 9 microcode 0xde, cx8, cmov, fxsr, ht, mmx, 3dnowpref, sse, sse2, sse3, ssse3, sse4.1, sse4.2, popcnt, lzcnt, tsc, tscinvbit, avx, avx2, aes, erms, clmul, bmi1, bmi2, adx, fma, vzeroupper, clflush, clflushopt

Memory: 4k page, system-wide physical 12173M (518M free)
TotalPageFile size 12173M (AvailPageFile size 5M)
current process WorkingSet (physical memory assigned to process): 239M, peak: 246M
current process commit charge ("private bytes"): 266M, peak: 294M

vm_info: OpenJDK 64-Bit Server VM (17.0.7+0-b2043.56-10550314) for windows-amd64 JRE (17.0.7+0-b2043.56-10550314), built on Jul 24 2023 18:27:45 by "androidbuild" with MS VC++ 16.10 / 16.11 (VS2019)

END.
